[00:01:07] [Server thread/INFO]: [DatVanTay007: Teleported DatVanTay007 to Adm1n2610]
[00:01:07] [Render thread/INFO]: [System] [CHAT] [DatVanTay007: Teleported DatVanTay007 to Adm1n2610]
[00:03:55] [Server thread/INFO]: [kayd12: Teleported kayd12 to 73.500000, 68.500000, -1306.500000]
[00:03:55] [Render thread/INFO]: [System] [CHAT] [kayd12: Teleported kayd12 to 73.500000, 68.500000, -1306.500000]
[00:04:01] [Server thread/INFO]: [DatVanTay007: Gave 1 [String] to DatVanTay007]
[00:04:01] [Render thread/INFO]: [System] [CHAT] [DatVanTay007: Gave 1 [String] to DatVanTay007]
[00:05:02] [Server thread/INFO]: DatVanTay007 has made the advancement [Best Friends Forever]
[00:05:02] [Render thread/INFO]: [System] [CHAT] DatVanTay007 has made the advancement [Best Friends Forever]
[00:05:18] [Server thread/INFO]: Tree reached max size of 100
[00:05:22] [Server thread/INFO]: Tree reached max size of 100
[00:05:32] [Server thread/INFO]: Tree reached max size of 100
[00:05:32] [Server thread/INFO]: Tree reached max size of 100
[00:06:12] [Server thread/INFO]: asdhbasbd has made the advancement [Cover Me with Diamonds]
[00:06:12] [Render thread/INFO]: [System] [CHAT] asdhbasbd has made the advancement [Cover Me with Diamonds]
[00:07:39] [Server thread/INFO]: [kayd12: Set the time to 6000]
[00:07:39] [Render thread/INFO]: [System] [CHAT] [kayd12: Set the time to 6000]
[00:08:37] [Server thread/INFO]: [kayd12: Teleported kayd12 to DatVanTay007]
[00:08:37] [Render thread/INFO]: [System] [CHAT] [kayd12: Teleported kayd12 to DatVanTay007]
[00:09:35] [Server thread/INFO]: asdhbasbd has made the advancement [We Need to Go Deeper]
[00:09:35] [Render thread/INFO]: [System] [CHAT] asdhbasbd has made the advancement [We Need to Go Deeper]
[00:12:07] [Server thread/INFO]: [kayd12: Gave 1 experience levels to asdhbasbd]
[00:12:07] [Render thread/INFO]: [System] [CHAT] [kayd12: Gave 1 experience levels to asdhbasbd]
[00:12:46] [Server thread/INFO]: [kayd12: Teleported kayd12 to asdhbasbd]
[00:12:46] [Render thread/INFO]: [System] [CHAT] [kayd12: Teleported kayd12 to asdhbasbd]
[00:13:05] [Server thread/INFO]: asdhbasbd was blown up by Ghast
[00:13:05] [Render thread/INFO]: [System] [CHAT] asdhbasbd was blown up by Ghast
[00:13:06] [Render thread/INFO]: Resizing Dynamic Transforms UBO, capacity limit of 16 reached during a single frame. New capacity will be 32.
[00:14:15] [Server thread/INFO]: DatVanTay007 was slain by asdhbasbd
[00:14:15] [Render thread/INFO]: [System] [CHAT] DatVanTay007 was slain by asdhbasbd
[00:14:21] [Server thread/INFO]: [kayd12: Teleported kayd12 to asdhbasbd]
[00:14:21] [Render thread/INFO]: [System] [CHAT] [kayd12: Teleported kayd12 to asdhbasbd]
[00:14:28] [Server thread/INFO]: [DatVanTay007: Teleported DatVanTay007 to asdhbasbd]
[00:14:28] [Render thread/INFO]: [System] [CHAT] [DatVanTay007: Teleported DatVanTay007 to asdhbasbd]
[00:14:32] [Server thread/INFO]: [kayd12: Set the time to 1100]
[00:14:32] [Render thread/INFO]: [System] [CHAT] [kayd12: Set the time to 1100]
[00:16:31] [Server thread/INFO]: [kayd12: Teleported kayd12 to DatVanTay007]
[00:16:31] [Render thread/INFO]: [System] [CHAT] [kayd12: Teleported kayd12 to DatVanTay007]
[00:16:33] [Render thread/INFO]: Loaded 9 advancements
[00:16:34] [Render thread/INFO]: Loaded 10 advancements
[00:16:35] [Server thread/INFO]: DatVanTay007 tried to swim in lava
[00:16:35] [Render thread/INFO]: [System] [CHAT] DatVanTay007 tried to swim in lava
[00:16:37] [Server thread/INFO]: kayd12 tried to swim in lava
[00:16:37] [Render thread/INFO]: [System] [CHAT] kayd12 tried to swim in lava
[00:16:42] [Server thread/INFO]: [kayd12: Teleported kayd12 to DatVanTay007]
[00:16:42] [Render thread/INFO]: [System] [CHAT] [kayd12: Teleported kayd12 to DatVanTay007]
[00:16:43] [Server thread/INFO]: [DatVanTay007: Teleported DatVanTay007 to Adm1n2610]
[00:16:43] [Render thread/INFO]: [System] [CHAT] [DatVanTay007: Teleported DatVanTay007 to Adm1n2610]
[00:16:50] [Server thread/INFO]: [kayd12: Teleported kayd12 to DatVanTay007]
[00:16:50] [Render thread/INFO]: [System] [CHAT] [kayd12: Teleported kayd12 to DatVanTay007]
[00:17:08] [Server thread/INFO]: DatVanTay007 has made the advancement [Stay Hydrated!]
[00:17:08] [Render thread/INFO]: [System] [CHAT] DatVanTay007 has made the advancement [Stay Hydrated!]
[00:18:48] [Server thread/INFO]: DatVanTay007 was killed
[00:18:48] [Server thread/INFO]: [kayd12: Killed DatVanTay007]
[00:18:48] [Render thread/INFO]: [System] [CHAT] DatVanTay007 was killed
[00:18:48] [Render thread/INFO]: [System] [CHAT] [kayd12: Killed DatVanTay007]
[00:21:05] [Server thread/INFO]: [DatVanTay007: Teleported DatVanTay007 to 59.500000, 65.500000, -1294.500000]
[00:21:05] [Render thread/INFO]: [System] [CHAT] [DatVanTay007: Teleported DatVanTay007 to 59.500000, 65.500000, -1294.500000]
[00:21:08] [Server thread/INFO]: [kayd12: Teleported kayd12 to DatVanTay007]
[00:21:08] [Render thread/INFO]: [System] [CHAT] [kayd12: Teleported kayd12 to DatVanTay007]
[00:23:09] [Server thread/INFO]: [kayd12: Set the time to 6000]
[00:23:09] [Render thread/INFO]: [System] [CHAT] [kayd12: Set the time to 6000]
[00:23:18] [Server thread/INFO]: [kayd12: Teleported kayd12 to 191.500000, 76.500000, -2036.500000]
[00:23:18] [Render thread/INFO]: [System] [CHAT] [kayd12: Teleported kayd12 to 191.500000, 76.500000, -2036.500000]
[00:23:34] [Server thread/INFO]: [kayd12: Teleported kayd12 to DatVanTay007]
[00:23:34] [Render thread/INFO]: [System] [CHAT] [kayd12: Teleported kayd12 to DatVanTay007]
[00:24:21] [Server thread/INFO]: [kayd12: Teleported kayd12 to asdhbasbd]
[00:24:21] [Render thread/INFO]: [System] [CHAT] [kayd12: Teleported kayd12 to asdhbasbd]
[00:24:43] [Server thread/INFO]: [kayd12: Teleported kayd12 to DatVanTay007]
[00:24:43] [Render thread/INFO]: [System] [CHAT] [kayd12: Teleported kayd12 to DatVanTay007]
[00:25:21] [Server thread/INFO]: [kayd12: Teleported kayd12 to 191.500000, 76.500000, -2036.500000]
[00:25:21] [Render thread/INFO]: [System] [CHAT] [kayd12: Teleported kayd12 to 191.500000, 76.500000, -2036.500000]
[00:26:47] [Server thread/INFO]: [kayd12: Teleported kayd12 to DatVanTay007]
[00:26:48] [Render thread/INFO]: [System] [CHAT] [kayd12: Teleported kayd12 to DatVanTay007]
[00:27:16] [Server thread/INFO]: [kayd12: Teleported kayd12 to 191.500000, 76.500000, -2036.500000]
[00:27:16] [Render thread/INFO]: [System] [CHAT] [kayd12: Teleported kayd12 to 191.500000, 76.500000, -2036.500000]
[00:27:21] [Server thread/INFO]: [kayd12: Set the time to 1100]
[00:27:21] [Render thread/INFO]: [System] [CHAT] [kayd12: Set the time to 1100]
[00:28:13] [Server thread/INFO]: [kayd12: Teleported kayd12 to DatVanTay007]
[00:28:13] [Render thread/INFO]: [System] [CHAT] [kayd12: Teleported kayd12 to DatVanTay007]
[00:28:22] [Server thread/INFO]: [kayd12: Teleported kayd12 to 89.500000, 63.500000, -2117.500000]
[00:28:22] [Render thread/INFO]: [System] [CHAT] [kayd12: Teleported kayd12 to 89.500000, 63.500000, -2117.500000]
[00:28:25] [Server thread/INFO]: [kayd12: Teleported kayd12 to DatVanTay007]
[00:28:25] [Render thread/INFO]: [System] [CHAT] [kayd12: Teleported kayd12 to DatVanTay007]
[00:29:03] [Server thread/INFO]: [kayd12: Teleported kayd12 to 89.500000, 63.500000, -2117.500000]
[00:29:03] [Render thread/INFO]: [System] [CHAT] [kayd12: Teleported kayd12 to 89.500000, 63.500000, -2117.500000]
[00:29:07] [Server thread/INFO]: [kayd12: Teleported kayd12 to DatVanTay007]
[00:29:07] [Render thread/INFO]: [System] [CHAT] [kayd12: Teleported kayd12 to DatVanTay007]
[00:29:13] [Server thread/INFO]: [kayd12: Teleported kayd12 to DatVanTay007]
[00:29:13] [Render thread/INFO]: [System] [CHAT] [kayd12: Teleported kayd12 to DatVanTay007]
[00:29:18] [Server thread/INFO]: [kayd12: Teleported kayd12 to 89.500000, 63.500000, -2117.500000]
[00:29:18] [Render thread/INFO]: [System] [CHAT] [kayd12: Teleported kayd12 to 89.500000, 63.500000, -2117.500000]
[00:29:21] [Server thread/INFO]: [kayd12: Teleported kayd12 to DatVanTay007]
[00:29:21] [Render thread/INFO]: [System] [CHAT] [kayd12: Teleported kayd12 to DatVanTay007]
[00:29:43] [Server thread/INFO]: [kayd12: Teleported kayd12 to 89.500000, 63.500000, -2117.500000]
[00:29:43] [Render thread/INFO]: [System] [CHAT] [kayd12: Teleported kayd12 to 89.500000, 63.500000, -2117.500000]
[00:29:49] [Server thread/INFO]: [kayd12: Teleported kayd12 to DatVanTay007]
[00:29:49] [Render thread/INFO]: [System] [CHAT] [kayd12: Teleported kayd12 to DatVanTay007]
[00:30:08] [Server thread/INFO]: [DatVanTay007: Teleported DatVanTay007 to Adm1n2610]
[00:30:08] [Render thread/INFO]: [System] [CHAT] [DatVanTay007: Teleported DatVanTay007 to Adm1n2610]
[00:30:17] [Server thread/INFO]: [kayd12: Teleported kayd12 to 89.500000, 63.500000, -2117.500000]
[00:30:17] [Render thread/INFO]: [System] [CHAT] [kayd12: Teleported kayd12 to 89.500000, 63.500000, -2117.500000]
[00:30:20] [Server thread/INFO]: [kayd12: Teleported kayd12 to DatVanTay007]
[00:30:20] [Render thread/INFO]: [System] [CHAT] [kayd12: Teleported kayd12 to DatVanTay007]
[00:30:25] [Server thread/INFO]: [kayd12: Teleported kayd12 to 73.500000, 68.500000, -1306.500000]
[00:30:25] [Render thread/INFO]: [System] [CHAT] [kayd12: Teleported kayd12 to 73.500000, 68.500000, -1306.500000]
[00:30:35] [Server thread/INFO]: [DatVanTay007: Teleported DatVanTay007 to 106.500000, 76.500000, -1318.500000]
[00:30:35] [Render thread/INFO]: [System] [CHAT] [DatVanTay007: Teleported DatVanTay007 to 106.500000, 76.500000, -1318.500000]
[00:30:40] [Server thread/INFO]: [kayd12: Teleported kayd12 to 89.500000, 63.500000, -2117.500000]
[00:30:40] [Render thread/INFO]: [System] [CHAT] [kayd12: Teleported kayd12 to 89.500000, 63.500000, -2117.500000]
[00:30:46] [Server thread/INFO]: [kayd12: Teleported kayd12 to DatVanTay007]
[00:30:46] [Render thread/INFO]: [System] [CHAT] [kayd12: Teleported kayd12 to DatVanTay007]
[00:31:54] [Server thread/INFO]: [kayd12: Gave 2 [TNT] to DatVanTay007]
[00:31:54] [Render thread/INFO]: [System] [CHAT] [kayd12: Gave 2 [TNT] to DatVanTay007]
[00:32:14] [Server thread/INFO]: [kayd12: Gave 1 experience levels to asdhbasbd]
[00:32:14] [Render thread/INFO]: [System] [CHAT] [kayd12: Gave 1 experience levels to asdhbasbd]
[00:32:23] [Server thread/INFO]: [DatVanTay007: Teleported DatVanTay007 to 106.500000, 76.500000, -1318.500000]
[00:32:23] [Render thread/INFO]: [System] [CHAT] [DatVanTay007: Teleported DatVanTay007 to 106.500000, 76.500000, -1318.500000]
[00:33:40] [Server thread/INFO]: kayd12 was killed
[00:33:40] [Server thread/INFO]: [kayd12: Killed kayd12]
[00:33:40] [Render thread/INFO]: [System] [CHAT] kayd12 was killed
[00:33:40] [Render thread/INFO]: [System] [CHAT] [kayd12: Killed kayd12]
[00:33:45] [Server thread/INFO]: [kayd12: Teleported kayd12 to DatVanTay007]
[00:33:45] [Render thread/INFO]: [System] [CHAT] [kayd12: Teleported kayd12 to DatVanTay007]
[00:33:55] [Server thread/INFO]: [DatVanTay007: Teleported DatVanTay007 to 106.500000, 76.500000, -1318.500000]
[00:33:55] [Render thread/INFO]: [System] [CHAT] [DatVanTay007: Teleported DatVanTay007 to 106.500000, 76.500000, -1318.500000]
[00:34:37] [Server thread/INFO]: [DatVanTay007: Teleported DatVanTay007 to Adm1n2610]
[00:34:37] [Render thread/INFO]: [System] [CHAT] [DatVanTay007: Teleported DatVanTay007 to Adm1n2610]
[00:34:50] [Server thread/INFO]: [DatVanTay007: Teleported DatVanTay007 to 106.500000, 76.500000, -1318.500000]
[00:34:50] [Render thread/INFO]: [System] [CHAT] [DatVanTay007: Teleported DatVanTay007 to 106.500000, 76.500000, -1318.500000]
[00:35:04] [Server thread/INFO]: kayd12 was blown up by Creeper
[00:35:04] [Render thread/INFO]: [System] [CHAT] kayd12 was blown up by Creeper
[00:35:15] [Server thread/INFO]: [kayd12: Teleported kayd12 to 147.500000, 41.500000, -1303.500000]
[00:35:15] [Render thread/INFO]: [System] [CHAT] [kayd12: Teleported kayd12 to 147.500000, 41.500000, -1303.500000]
[00:36:12] [Server thread/INFO]: kayd12 was blown up by Creeper
[00:36:12] [Render thread/INFO]: [System] [CHAT] kayd12 was blown up by Creeper
[00:36:16] [Server thread/INFO]: [kayd12: Teleported kayd12 to 154.500000, 42.500000, -1308.500000]
[00:36:16] [Render thread/INFO]: [System] [CHAT] [kayd12: Teleported kayd12 to 154.500000, 42.500000, -1308.500000]
[00:36:42] [Server thread/INFO]: [DatVanTay007: Teleported DatVanTay007 to 106.500000, 76.500000, -1318.500000]
[00:36:42] [Render thread/INFO]: [System] [CHAT] [DatVanTay007: Teleported DatVanTay007 to 106.500000, 76.500000, -1318.500000]
[00:37:10] [Server thread/INFO]: [DatVanTay007: Set the time to 1000]
[00:37:10] [Render thread/INFO]: [System] [CHAT] [DatVanTay007: Set the time to 1000]
[00:37:24] [Server thread/INFO]: kayd12 was killed
[00:37:24] [Server thread/INFO]: [kayd12: Killed kayd12]
[00:37:24] [Render thread/INFO]: [System] [CHAT] kayd12 was killed
[00:37:24] [Render thread/INFO]: [System] [CHAT] [kayd12: Killed kayd12]
[00:37:27] [Server thread/INFO]: [kayd12: Teleported kayd12 to asdhbasbd]
[00:37:27] [Render thread/INFO]: [System] [CHAT] [kayd12: Teleported kayd12 to asdhbasbd]
[00:37:45] [Server thread/INFO]: [kayd12: Teleported kayd12 to DatVanTay007]
[00:37:45] [Render thread/INFO]: [System] [CHAT] [kayd12: Teleported kayd12 to DatVanTay007]
[00:38:40] [Server thread/INFO]: [kayd12: Teleported kayd12 to 191.500000, 76.500000, -2036.500000]
[00:38:40] [Render thread/INFO]: [System] [CHAT] [kayd12: Teleported kayd12 to 191.500000, 76.500000, -2036.500000]
[00:38:41] [Server thread/INFO]: [DatVanTay007: Teleported DatVanTay007 to 106.500000, 76.500000, -1318.500000]
[00:38:41] [Render thread/INFO]: [System] [CHAT] [DatVanTay007: Teleported DatVanTay007 to 106.500000, 76.500000, -1318.500000]
[00:38:50] [Server thread/INFO]: [kayd12: Teleported kayd12 to DatVanTay007]
[00:38:50] [Render thread/INFO]: [System] [CHAT] [kayd12: Teleported kayd12 to DatVanTay007]
[00:39:04] [Server thread/INFO]: [asdhbasbd: Gave 1000 [Stone Bricks] to asdhbasbd]
[00:39:04] [Render thread/INFO]: [System] [CHAT] [asdhbasbd: Gave 1000 [Stone Bricks] to asdhbasbd]
[00:39:45] [Server thread/INFO]: [DatVanTay007: Teleported DatVanTay007 to Adm1n2610]
[00:39:45] [Render thread/INFO]: [System] [CHAT] [DatVanTay007: Teleported DatVanTay007 to Adm1n2610]
[00:40:00] [Server thread/INFO]: [kayd12: Teleported kayd12 to 191.500000, 76.500000, -2036.500000]
[00:40:00] [Render thread/INFO]: [System] [CHAT] [kayd12: Teleported kayd12 to 191.500000, 76.500000, -2036.500000]
[00:41:15] [Render thread/WARN]: [OptiFine] *** Exception outside of method ***
[00:41:15] [Render thread/WARN]: [OptiFine] Method deactivated: public static net.minecraftforge.event.PlayLevelSoundEvent$AtEntity net.minecraftforge.event.ForgeEventFactory.onPlaySoundAtEntity(net.minecraft.world.level.Level,net.minecraft.world.entity.Entity,net.minecraft.core.Holder,net.minecraft.sounds.SoundSource,float,float)
[00:41:15] [Render thread/WARN]: [OptiFine] *** IllegalArgumentException ***
[00:41:15] [Render thread/WARN]: [OptiFine] Method: null
[00:41:15] [Render thread/WARN]: [OptiFine] Object: null
[00:41:15] [Render thread/WARN]: [OptiFine] Parameter classes: class net.minecraft.world.entity.animal.happyghast.HappyGhast, class net.minecraft.core.Holder$Reference, class net.minecraft.sounds.SoundSource, class java.lang.Float, class java.lang.Float
[00:41:15] [Render thread/WARN]: [OptiFine] Parameters: HappyGhast['Happy Ghast'/104632, l='ClientLevel', x=185.50, y=71.00, z=-2045.50], Reference{ResourceKey[minecraft:sound_event / minecraft:entity.ghastling.spawn]=SoundEvent[location=minecraft:entity.ghastling.spawn, fixedRange=Optional.empty]}, BLOCKS, 1.0, 1.0
[00:41:15] [Render thread/WARN]: [OptiFine] 
java.lang.IllegalArgumentException: wrong number of arguments: 5 expected: 6
	at java.base/jdk.internal.reflect.DirectMethodHandleAccessor.checkArgumentCount(DirectMethodHandleAccessor.java:329)
	at java.base/jdk.internal.reflect.DirectMethodHandleAccessor.invoke(DirectMethodHandleAccessor.java:101)
	at java.base/java.lang.reflect.Method.invoke(Method.java:580)
	at TRANSFORMER/srg/net.optifine.reflect.Reflector.call(Reflector.java:729)
	at TRANSFORMER/srg/net.optifine.reflect.ReflectorMethod.call(ReflectorMethod.java:133)
	at TRANSFORMER/minecraft@1.21.11/net.minecraft.client.multiplayer.ClientLevel.playSeededSound(ClientLevel.java:698)
	at TRANSFORMER/minecraft@1.21.11/net.minecraft.client.multiplayer.ClientPacketListener.handleSoundEntityEvent(ClientPacketListener.java:2102)
	at TRANSFORMER/minecraft@1.21.11/net.minecraft.network.protocol.game.ClientboundSoundEntityPacket.handle(ClientboundSoundEntityPacket.java:56)
	at TRANSFORMER/minecraft@1.21.11/net.minecraft.network.protocol.game.ClientboundSoundEntityPacket.handle(ClientboundSoundEntityPacket.java:12)
	at TRANSFORMER/minecraft@1.21.11/net.minecraft.network.PacketProcessor$ListenerAndPacket.handle(PacketProcessor.java:99)
	at TRANSFORMER/minecraft@1.21.11/net.minecraft.network.PacketProcessor.processQueuedPackets(PacketProcessor.java:77)
	at TRANSFORMER/minecraft@1.21.11/net.minecraft.client.Minecraft.runTick(Minecraft.java:1256)
	at TRANSFORMER/minecraft@1.21.11/net.minecraft.client.Minecraft.run(Minecraft.java:893)
	at TRANSFORMER/minecraft@1.21.11/net.minecraft.client.main.Main.main(Main.java:223)
	at java.base/jdk.internal.reflect.DirectMethodHandleAccessor.invoke(DirectMethodHandleAccessor.java:103)
	at java.base/java.lang.reflect.Method.invoke(Method.java:580)
	at SECURE-BOOTSTRAP/net.minecraftforge.fmlloader@1.21.11-61.1.0/net.minecraftforge.fml.loading.targets.CommonLaunchHandler.runTarget(CommonLaunchHandler.java:96)
	at SECURE-BOOTSTRAP/net.minecraftforge.fmlloader@1.21.11-61.1.0/net.minecraftforge.fml.loading.targets.CommonLaunchHandler.lambda$makeService$0(CommonLaunchHandler.java:79)
	at SECURE-BOOTSTRAP/cpw.mods.modlauncher@10.2.4/cpw.mods.modlauncher.LaunchServiceHandler.launch(LaunchServiceHandler.java:77)
	at SECURE-BOOTSTRAP/cpw.mods.modlauncher@10.2.4/cpw.mods.modlauncher.LaunchServiceHandler.launch(LaunchServiceHandler.java:97)
	at SECURE-BOOTSTRAP/cpw.mods.modlauncher@10.2.4/cpw.mods.modlauncher.Launcher.run(Launcher.java:116)
	at SECURE-BOOTSTRAP/cpw.mods.modlauncher@10.2.4/cpw.mods.modlauncher.Launcher.main(Launcher.java:75)
	at SECURE-BOOTSTRAP/cpw.mods.modlauncher@10.2.4/cpw.mods.modlauncher.BootstrapEntry.main(BootstrapEntry.java:17)
	at net.minecraftforge.bootstrap@2.1.7/net.minecraftforge.bootstrap.Bootstrap.moduleMain(Bootstrap.java:188)
	at java.base/jdk.internal.reflect.DirectMethodHandleAccessor.invoke(DirectMethodHandleAccessor.java:103)
	at java.base/java.lang.reflect.Method.invoke(Method.java:580)
	at net.minecraftforge.bootstrap.Bootstrap.bootstrapMain(Bootstrap.java:133)
	at net.minecraftforge.bootstrap.Bootstrap.start(Bootstrap.java:53)
	at net.minecraftforge.bootstrap.ForgeBootstrap.main(ForgeBootstrap.java:19)
[00:42:04] [Server thread/INFO]: [kayd12: Teleported kayd12 to -4135.500000, 70.500000, -903.500000]
[00:42:04] [Render thread/INFO]: [System] [CHAT] [kayd12: Teleported kayd12 to -4135.500000, 70.500000, -903.500000]
[00:43:18] [Server thread/INFO]: [DatVanTay007: Teleported DatVanTay007 to 106.500000, 76.500000, -1318.500000]
[00:43:18] [Render thread/INFO]: [System] [CHAT] [DatVanTay007: Teleported DatVanTay007 to 106.500000, 76.500000, -1318.500000]
[00:43:57] [Server thread/INFO]: [kayd12: Teleported kayd12 to DatVanTay007]
[00:43:57] [Render thread/INFO]: [System] [CHAT] [kayd12: Teleported kayd12 to DatVanTay007]
[00:44:41] [Server thread/INFO]: [DatVanTay007: Teleported DatVanTay007 to Adm1n2610]
[00:44:41] [Render thread/INFO]: [System] [CHAT] [DatVanTay007: Teleported DatVanTay007 to Adm1n2610]
[00:44:49] [Server thread/INFO]: [DatVanTay007: Teleported DatVanTay007 to 106.500000, 76.500000, -1318.500000]
[00:44:49] [Render thread/INFO]: [System] [CHAT] [DatVanTay007: Teleported DatVanTay007 to 106.500000, 76.500000, -1318.500000]
[00:45:49] [Server thread/INFO]: [DatVanTay007: Teleported DatVanTay007 to 106.500000, 76.500000, -1318.500000]
[00:45:49] [Render thread/INFO]: [System] [CHAT] [DatVanTay007: Teleported DatVanTay007 to 106.500000, 76.500000, -1318.500000]
[00:46:21] [Server thread/INFO]: [kayd12: Set own game mode to Spectator Mode]
[00:46:21] [Render thread/INFO]: [System] [CHAT] [kayd12: Set own game mode to Spectator Mode]
[00:46:33] [Server thread/INFO]: [kayd12: Set the time to 1000]
[00:46:33] [Render thread/INFO]: [System] [CHAT] [kayd12: Set the time to 1000]
[00:47:28] [Server thread/INFO]: [kayd12: Set own game mode to Survival Mode]
[00:47:28] [Render thread/INFO]: [System] [CHAT] [kayd12: Set own game mode to Survival Mode]
[00:50:51] [Server thread/INFO]: [DatVanTay007: Teleported DatVanTay007 to asdhbasbd]
[00:50:51] [Render thread/INFO]: [System] [CHAT] [DatVanTay007: Teleported DatVanTay007 to asdhbasbd]
[00:51:28] [Server thread/INFO]: [Not Secure] <asdhbasbd> tra t
[00:51:29] [Render thread/INFO]: [Not Secure] [CHAT] <asdhbasbd> tra t
[00:51:29] [Server thread/INFO]: [Not Secure] <asdhbasbd> t
[00:51:29] [Render thread/INFO]: [Not Secure] [CHAT] <asdhbasbd> t
[00:51:32] [Server thread/INFO]: [Not Secure] <asdhbasbd> xay nhha
[00:51:32] [Render thread/INFO]: [Not Secure] [CHAT] <asdhbasbd> xay nhha
[00:51:49] [Server thread/INFO]: asdhbasbd was slain by DatVanTay007
[00:51:49] [Render thread/INFO]: [System] [CHAT] asdhbasbd was slain by DatVanTay007
[00:52:12] [Server thread/INFO]: DatVanTay007 was slain by asdhbasbd
[00:52:12] [Render thread/INFO]: [System] [CHAT] DatVanTay007 was slain by asdhbasbd
[00:53:44] [Server thread/INFO]: [DatVanTay007: Teleported DatVanTay007 to 59.500000, 65.500000, -1294.500000]
[00:53:44] [Render thread/INFO]: [System] [CHAT] [DatVanTay007: Teleported DatVanTay007 to 59.500000, 65.500000, -1294.500000]
[00:55:42] [Server thread/INFO]: [DatVanTay007: Teleported DatVanTay007 to Adm1n2610]
[00:55:42] [Render thread/INFO]: [System] [CHAT] [DatVanTay007: Teleported DatVanTay007 to Adm1n2610]
[00:55:53] [Server thread/INFO]: [DatVanTay007: Set the time to 1000]
[00:55:53] [Render thread/INFO]: [System] [CHAT] [DatVanTay007: Set the time to 1000]
[00:57:16] [Server thread/INFO]: [DatVanTay007: Teleported DatVanTay007 to 59.500000, 65.500000, -1294.500000]
[00:57:16] [Render thread/INFO]: [System] [CHAT] [DatVanTay007: Teleported DatVanTay007 to 59.500000, 65.500000, -1294.500000]
[00:57:59] [Server thread/INFO]: [DatVanTay007: Teleported DatVanTay007 to Adm1n2610]
[00:57:59] [Render thread/INFO]: [System] [CHAT] [DatVanTay007: Teleported DatVanTay007 to Adm1n2610]
[00:58:33] [Server thread/INFO]: [DatVanTay007: Teleported DatVanTay007 to 59.500000, 65.500000, -1294.500000]
[00:58:33] [Render thread/INFO]: [System] [CHAT] [DatVanTay007: Teleported DatVanTay007 to 59.500000, 65.500000, -1294.500000]
[01:00:34] [Server thread/INFO]: Villager Villager['Villager'/105933, l='ServerLevel[New World]', x=112.24, y=68.00, z=-1313.65] died, message: 'Villager blew up'
[01:01:17] [Server thread/INFO]: [DatVanTay007: Teleported DatVanTay007 to Adm1n2610]
[01:01:17] [Render thread/INFO]: [System] [CHAT] [DatVanTay007: Teleported DatVanTay007 to Adm1n2610]
[01:01:23] [Server thread/INFO]: kayd12 fell from a high place
[01:01:23] [Render thread/INFO]: [System] [CHAT] kayd12 fell from a high place
[01:01:27] [Server thread/INFO]: [kayd12: Teleported kayd12 to 114.500000, 77.500000, -1319.500000]
[01:01:27] [Render thread/INFO]: [System] [CHAT] [kayd12: Teleported kayd12 to 114.500000, 77.500000, -1319.500000]
[01:02:00] [Server thread/INFO]: [kayd12: Teleported kayd12 to DatVanTay007]
[01:02:00] [Render thread/INFO]: [System] [CHAT] [kayd12: Teleported kayd12 to DatVanTay007]
[01:02:33] [Server thread/INFO]: [kayd12: Teleported kayd12 to 114.500000, 77.500000, -1319.500000]
[01:02:33] [Render thread/INFO]: [System] [CHAT] [kayd12: Teleported kayd12 to 114.500000, 77.500000, -1319.500000]
[01:03:00] [Server thread/INFO]: [asdhbasbd: Gave 2000 [Cobblestone] to asdhbasbd]
[01:03:00] [Render thread/INFO]: [System] [CHAT] [asdhbasbd: Gave 2000 [Cobblestone] to asdhbasbd]
[01:03:39] [Server thread/INFO]: [DatVanTay007: Teleported DatVanTay007 to 59.500000, 65.500000, -1294.500000]
[01:03:39] [Render thread/INFO]: [System] [CHAT] [DatVanTay007: Teleported DatVanTay007 to 59.500000, 65.500000, -1294.500000]
[01:05:51] [Server thread/INFO]: [DatVanTay007: Set the time to 1000]
[01:05:51] [Render thread/INFO]: [System] [CHAT] [DatVanTay007: Set the time to 1000]
[01:06:25] [Server thread/INFO]: [DatVanTay007: Teleported DatVanTay007 to Adm1n2610]
[01:06:25] [Render thread/INFO]: [System] [CHAT] [DatVanTay007: Teleported DatVanTay007 to Adm1n2610]
[01:06:45] [Server thread/INFO]: [DatVanTay007: Teleported DatVanTay007 to 59.500000, 65.500000, -1294.500000]
[01:06:45] [Render thread/INFO]: [System] [CHAT] [DatVanTay007: Teleported DatVanTay007 to 59.500000, 65.500000, -1294.500000]
[01:11:34] [Server thread/INFO]: [kayd12: Teleported kayd12 to asdhbasbd]
[01:11:34] [Render thread/INFO]: [System] [CHAT] [kayd12: Teleported kayd12 to asdhbasbd]
[01:12:16] [Server thread/INFO]: [kayd12: Teleported kayd12 to 114.500000, 77.500000, -1319.500000]
[01:12:16] [Render thread/INFO]: [System] [CHAT] [kayd12: Teleported kayd12 to 114.500000, 77.500000, -1319.500000]
[01:14:45] [Server thread/INFO]: [DatVanTay007: Teleported DatVanTay007 to Adm1n2610]
[01:14:45] [Render thread/INFO]: [System] [CHAT] [DatVanTay007: Teleported DatVanTay007 to Adm1n2610]
[01:15:42] [Server thread/INFO]: [kayd12: Gave 64 [Block of Iron] to DatVanTay007]
[01:15:42] [Render thread/INFO]: [System] [CHAT] [kayd12: Gave 64 [Block of Iron] to DatVanTay007]
[01:16:03] [Server thread/INFO]: [kayd12: Set the time to 1000]
[01:16:03] [Render thread/INFO]: [System] [CHAT] [kayd12: Set the time to 1000]
[01:16:03] [Server thread/INFO]: [DatVanTay007: Set the time to 1000]
[01:16:03] [Render thread/INFO]: [System] [CHAT] [DatVanTay007: Set the time to 1000]
[01:16:15] [Server thread/INFO]: [DatVanTay007: Teleported DatVanTay007 to 59.500000, 65.500000, -1294.500000]
[01:16:15] [Render thread/INFO]: [System] [CHAT] [DatVanTay007: Teleported DatVanTay007 to 59.500000, 65.500000, -1294.500000]
[01:21:19] [Server thread/INFO]: [kayd12: Teleported kayd12 to asdhbasbd]
[01:21:19] [Render thread/INFO]: [System] [CHAT] [kayd12: Teleported kayd12 to asdhbasbd]
[01:25:34] [Server thread/INFO]: [kayd12: Set the time to 1000]
[01:25:34] [Render thread/INFO]: [System] [CHAT] [kayd12: Set the time to 1000]
[01:26:01] [Server thread/INFO]: [kayd12: Teleported kayd12 to 191.500000, 76.500000, -2036.500000]
[01:26:01] [Render thread/INFO]: [System] [CHAT] [kayd12: Teleported kayd12 to 191.500000, 76.500000, -2036.500000]
[01:28:01] [Server thread/INFO]: [kayd12: Gave 2 [Block of Iron] to kayd12]
[01:28:01] [Render thread/INFO]: [System] [CHAT] [kayd12: Gave 2 [Block of Iron] to kayd12]
[01:28:55] [User Authenticator #10/WARN]: Failed to verify username but will let them in anyway!
[01:28:56] [Server thread/INFO]: FratelloNguyen[/26.195.116.32:50099] logged in with entity id 128394 at (-198.5, 78.0, -107.5)
[01:28:56] [Server thread/INFO]: FratelloNguyen joined the game
[01:28:56] [Server thread/INFO]: Player connected to a local world, not setting up proxy config
[01:28:56] [Render thread/INFO]: [System] [CHAT] FratelloNguyen joined the game
[01:28:59] [Server thread/INFO]: kayd12 was killed
[01:28:59] [Server thread/INFO]: [kayd12: Killed kayd12]
[01:29:00] [Render thread/INFO]: [System] [CHAT] kayd12 was killed
[01:29:00] [Render thread/INFO]: [System] [CHAT] [kayd12: Killed kayd12]
[01:29:03] [Server thread/INFO]: [kayd12: Teleported kayd12 to DatVanTay007]
[01:29:03] [Render thread/INFO]: [System] [CHAT] [kayd12: Teleported kayd12 to DatVanTay007]
[01:31:01] [Server thread/INFO]: [FratelloNguyen: Teleported FratelloNguyen to asdhbasbd]
[01:31:01] [Render thread/INFO]: [System] [CHAT] [FratelloNguyen: Teleported FratelloNguyen to asdhbasbd]
[01:32:21] [pool-11-thread-1/INFO]: do get request https://auth.tlauncher.org/skin/v1/profile/texture/login/FratelloNguyen, saved to C:\Users\Sun of the Beach\AppData\Roaming\.minecraft\versions\Server\cache\https_auth.tlauncher.org\skin\v1\profile\texture\login\FratelloNguyen
[01:32:21] [pool-11-thread-1/INFO]: do get request https://auth.tlauncher.org/skin/fileservice/skins/skin_fratellonguyen.png, saved to C:\Users\Sun of the Beach\AppData\Roaming\.minecraft\versions\Server\cache\https_auth.tlauncher.org\skin\fileservice\skins\skin_fratellonguyen.png
[01:32:49] [Server thread/INFO]: FratelloNguyen was killed
[01:32:49] [Server thread/INFO]: [asdhbasbd: Killed FratelloNguyen]
[01:32:49] [Render thread/INFO]: [System] [CHAT] FratelloNguyen was killed
[01:32:49] [Render thread/INFO]: [System] [CHAT] [asdhbasbd: Killed FratelloNguyen]
[01:32:50] [Server thread/INFO]: [DatVanTay007: Killed FratelloNguyen]
[01:32:50] [Render thread/INFO]: [System] [CHAT] [DatVanTay007: Killed FratelloNguyen]
[01:32:55] [Server thread/INFO]: [DatVanTay007: Teleported DatVanTay007 to FratelloNguyen]
[01:32:55] [Render thread/INFO]: [System] [CHAT] [DatVanTay007: Teleported DatVanTay007 to FratelloNguyen]
[01:33:02] [Server thread/INFO]: [FratelloNguyen: Teleported FratelloNguyen to Adm1n2610]
[01:33:02] [Render thread/INFO]: [System] [CHAT] [FratelloNguyen: Teleported FratelloNguyen to Adm1n2610]
[01:33:22] [Server thread/INFO]: [kayd12: Set the time to 1000]
[01:33:22] [Render thread/INFO]: [System] [CHAT] [kayd12: Set the time to 1000]
[01:33:44] [Server thread/INFO]: FratelloNguyen has made the advancement [Suit Up]
[01:33:44] [Render thread/INFO]: [System] [CHAT] FratelloNguyen has made the advancement [Suit Up]
[01:33:54] [Server thread/INFO]: FratelloNguyen has made the advancement [Diamonds!]
[01:33:54] [Render thread/INFO]: [System] [CHAT] FratelloNguyen has made the advancement [Diamonds!]
[01:35:13] [Server thread/INFO]: [kayd12: Teleported kayd12 to FratelloNguyen]
[01:35:13] [Render thread/INFO]: [System] [CHAT] [kayd12: Teleported kayd12 to FratelloNguyen]
[01:35:14] [pool-11-thread-1/INFO]: do head request -> https://auth.tlauncher.org/skin/v1/profile/texture/login/kayd12 RequestMetadata(lastModified=null, eTag=W/fa2bce81c084cbfa3c284a986b375c9d, sha1=6cbe412b8f0e3c76c9b51e2c35c46fc58c0a9317, lastAccessAt=1771946520163) local file C:\Users\Sun of the Beach\AppData\Roaming\.minecraft\versions\Server\cache\https_auth.tlauncher.org\skin\v1\profile\texture\login\kayd12
[01:35:14] [pool-11-thread-1/INFO]: do head request -> https://auth.tlauncher.org/skin/fileservice/skins/skin_kayd12.png RequestMetadata(lastModified=null, eTag=35ec5927e56427962dc43ee71fc0e2d8, sha1=ca4c6ee541b69011093c0ac25436c6553233cd1c, lastAccessAt=1771946520500) local file C:\Users\Sun of the Beach\AppData\Roaming\.minecraft\versions\Server\cache\https_auth.tlauncher.org\skin\fileservice\skins\skin_kayd12.png
[01:35:16] [Server thread/INFO]: [DatVanTay007: Teleported DatVanTay007 to Adm1n2610]
[01:35:16] [Render thread/INFO]: [System] [CHAT] [DatVanTay007: Teleported DatVanTay007 to Adm1n2610]
[01:35:17] [pool-11-thread-1/INFO]: do head request -> https://auth.tlauncher.org/skin/v1/profile/texture/login/DatVanTay007 RequestMetadata(lastModified=null, eTag=W/fbcfcd6a5c3904e9961d2503a2dba030, sha1=83716c925f4a72559750234ac613f4c62b834dde, lastAccessAt=1771945524180) local file C:\Users\Sun of the Beach\AppData\Roaming\.minecraft\versions\Server\cache\https_auth.tlauncher.org\skin\v1\profile\texture\login\DatVanTay007
[01:35:17] [pool-11-thread-1/INFO]: do head request -> https://auth.tlauncher.org/skin/fileservice/skins/skin_datvantay007.png RequestMetadata(lastModified=null, eTag=2b57ccad24c434e1ab30a52ad24ae5ef, sha1=c9145c2a668de2a1534558819771024433767d9e, lastAccessAt=1771945524479) local file C:\Users\Sun of the Beach\AppData\Roaming\.minecraft\versions\Server\cache\https_auth.tlauncher.org\skin\fileservice\skins\skin_datvantay007.png
[01:35:36] [Server thread/INFO]: FratelloNguyen has made the advancement [Cover Me with Diamonds]
[01:35:36] [Render thread/INFO]: [System] [CHAT] FratelloNguyen has made the advancement [Cover Me with Diamonds]
[01:35:43] [Server thread/INFO]: [DatVanTay007: Teleported DatVanTay007 to 59.500000, 65.500000, -1294.500000]
[01:35:43] [Render thread/INFO]: [System] [CHAT] [DatVanTay007: Teleported DatVanTay007 to 59.500000, 65.500000, -1294.500000]
[01:37:51] [Server thread/INFO]: [kayd12: Teleported kayd12 to DatVanTay007]
[01:37:51] [Render thread/INFO]: [System] [CHAT] [kayd12: Teleported kayd12 to DatVanTay007]
[01:38:09] [Server thread/INFO]: FratelloNguyen has made the advancement [We Need to Go Deeper]
[01:38:09] [Render thread/INFO]: [System] [CHAT] FratelloNguyen has made the advancement [We Need to Go Deeper]
[01:38:44] [Server thread/INFO]: FratelloNguyen was shot by Piglin
[01:38:44] [Render thread/INFO]: [System] [CHAT] FratelloNguyen was shot by Piglin
[01:39:03] [Server thread/INFO]: [kayd12: Teleported kayd12 to Adm1n2610]
[01:39:03] [Render thread/INFO]: [System] [CHAT] [kayd12: Teleported kayd12 to Adm1n2610]
[01:40:37] [Server thread/INFO]: [kayd12: Teleported kayd12 to FratelloNguyen]
[01:40:37] [Render thread/INFO]: [System] [CHAT] [kayd12: Teleported kayd12 to FratelloNguyen]
[01:41:10] [Server thread/INFO]: [DatVanTay007: Set the time to 13000]
[01:41:10] [Render thread/INFO]: [System] [CHAT] [DatVanTay007: Set the time to 13000]
[01:41:15] [Server thread/INFO]: [DatVanTay007: Teleported DatVanTay007 to -265.500000, 90.500000, -3350.500000]
[01:41:15] [Render thread/INFO]: [System] [CHAT] [DatVanTay007: Teleported DatVanTay007 to -265.500000, 90.500000, -3350.500000]
[01:41:55] [Server thread/INFO]: [DatVanTay007: Teleported DatVanTay007 to Adm1n2610]
[01:41:55] [Render thread/INFO]: [System] [CHAT] [DatVanTay007: Teleported DatVanTay007 to Adm1n2610]
[01:41:59] [Server thread/INFO]: [kayd12: Teleported kayd12 to Adm1n2610]
[01:41:59] [Render thread/INFO]: [System] [CHAT] [kayd12: Teleported kayd12 to Adm1n2610]
[01:42:06] [Server thread/INFO]: [kayd12: Set the time to 1000]
[01:42:06] [Render thread/INFO]: [System] [CHAT] [kayd12: Set the time to 1000]
[01:42:19] [Server thread/INFO]: [DatVanTay007: Teleported DatVanTay007 to -265.500000, 90.500000, -3350.500000]
[01:42:19] [Render thread/INFO]: [System] [CHAT] [DatVanTay007: Teleported DatVanTay007 to -265.500000, 90.500000, -3350.500000]
[01:42:20] [Server thread/INFO]: [FratelloNguyen: Teleported FratelloNguyen to Adm1n2610]
[01:42:20] [Render thread/INFO]: [System] [CHAT] [FratelloNguyen: Teleported FratelloNguyen to Adm1n2610]
[01:42:30] [Server thread/INFO]: [DatVanTay007: Set the time to 13000]
[01:42:30] [Render thread/INFO]: [System] [CHAT] [DatVanTay007: Set the time to 13000]
[01:43:05] [Server thread/INFO]: [asdhbasbd: Set the time to 1000]
[01:43:05] [Render thread/INFO]: [System] [CHAT] [asdhbasbd: Set the time to 1000]
[01:43:34] [Server thread/INFO]: [DatVanTay007: Set the time to 13000]
[01:43:35] [Render thread/INFO]: [System] [CHAT] [DatVanTay007: Set the time to 13000]
[01:43:44] [Server thread/INFO]: FratelloNguyen was slain by Hoglin
[01:43:44] [Render thread/INFO]: [System] [CHAT] FratelloNguyen was slain by Hoglin
[01:43:52] [Server thread/INFO]: kayd12 hit the ground too hard
[01:43:52] [Render thread/INFO]: [System] [CHAT] kayd12 hit the ground too hard
[01:44:48] [Server thread/INFO]: [kayd12: Teleported kayd12 to DatVanTay007]
[01:44:48] [Render thread/INFO]: [System] [CHAT] [kayd12: Teleported kayd12 to DatVanTay007]
[01:45:24] [Server thread/INFO]: [DatVanTay007: Set the time to 6000]
[01:45:24] [Render thread/INFO]: [System] [CHAT] [DatVanTay007: Set the time to 6000]
[01:45:34] [Server thread/INFO]: [DatVanTay007: Set the time to 18000]
[01:45:34] [Render thread/INFO]: [System] [CHAT] [DatVanTay007: Set the time to 18000]
[01:45:55] [Server thread/INFO]: kayd12 was blown up by Creeper
[01:45:55] [Render thread/INFO]: [System] [CHAT] kayd12 was blown up by Creeper
[01:46:01] [Server thread/INFO]: [kayd12: Teleported kayd12 to DatVanTay007]
[01:46:01] [Render thread/INFO]: [System] [CHAT] [kayd12: Teleported kayd12 to DatVanTay007]
[01:46:47] [Server thread/INFO]: [asdhbasbd: Gave 64 [Carrot] to FratelloNguyen]
[01:46:47] [Render thread/INFO]: [System] [CHAT] [asdhbasbd: Gave 64 [Carrot] to FratelloNguyen]
[01:49:23] [Server thread/INFO]: [asdhbasbd: Gave 128 [Baked Potato] to FratelloNguyen]
[01:49:23] [Render thread/INFO]: [System] [CHAT] [asdhbasbd: Gave 128 [Baked Potato] to FratelloNguyen]
[01:49:44] [Server thread/INFO]: kayd12 was killed
[01:49:44] [Server thread/INFO]: [kayd12: Killed kayd12]
[01:49:44] [Render thread/INFO]: [System] [CHAT] kayd12 was killed
[01:49:44] [Render thread/INFO]: [System] [CHAT] [kayd12: Killed kayd12]
[01:49:48] [Server thread/INFO]: [kayd12: Teleported kayd12 to DatVanTay007]
[01:49:49] [Render thread/INFO]: [System] [CHAT] [kayd12: Teleported kayd12 to DatVanTay007]
[01:50:59] [Server thread/INFO]: [kayd12: Set the time to 18000]
[01:50:59] [Render thread/INFO]: [System] [CHAT] [kayd12: Set the time to 18000]
[01:51:20] [Server thread/INFO]: DatVanTay007 was killed by Witch using magic
[01:51:20] [Render thread/INFO]: [System] [CHAT] DatVanTay007 was killed by Witch using magic
[01:51:27] [Server thread/INFO]: [DatVanTay007: Teleported DatVanTay007 to -81.500000, 62.500000, -3406.500000]
[01:51:27] [Render thread/INFO]: [System] [CHAT] [DatVanTay007: Teleported DatVanTay007 to -81.500000, 62.500000, -3406.500000]
[01:51:46] [Server thread/INFO]: DatVanTay007 was killed by Witch using magic
[01:51:47] [Render thread/INFO]: [System] [CHAT] DatVanTay007 was killed by Witch using magic
[01:51:51] [Server thread/INFO]: [DatVanTay007: Teleported DatVanTay007 to -75.500000, 61.500000, -3427.500000]
[01:51:51] [Render thread/INFO]: [System] [CHAT] [DatVanTay007: Teleported DatVanTay007 to -75.500000, 61.500000, -3427.500000]
[01:53:22] [Server thread/INFO]: kayd12 was slain by Drowned
[01:53:22] [Render thread/INFO]: [System] [CHAT] kayd12 was slain by Drowned
[01:54:11] [Server thread/INFO]: Locating element #minecraft:allows_surface_slime_spawns (minecraft:swamp) took 417 ms
[01:54:22] [Server thread/INFO]: [kayd12: Teleported kayd12 to -1242.500000, 71.000000, -683.500000]
[01:54:22] [Render thread/INFO]: [System] [CHAT] [kayd12: Teleported kayd12 to -1242.500000, 71.000000, -683.500000]
[01:55:10] [Server thread/INFO]: [kayd12: Set the time to 18000]
[01:55:11] [Render thread/INFO]: [System] [CHAT] [kayd12: Set the time to 18000]
[01:55:35] [Server thread/INFO]: kayd12 was slain by Zombie
[01:55:35] [Render thread/INFO]: [System] [CHAT] kayd12 was slain by Zombie
[01:55:48] [Server thread/INFO]: [kayd12: Teleported kayd12 to -1222.500000, 64.500000, -668.500000]
[01:55:48] [Render thread/INFO]: [System] [CHAT] [kayd12: Teleported kayd12 to -1222.500000, 64.500000, -668.500000]
[01:56:27] [Server thread/INFO]: FratelloNguyen has made the advancement [Monster Hunter]
[01:56:27] [Render thread/INFO]: [System] [CHAT] FratelloNguyen has made the advancement [Monster Hunter]
[01:56:32] [Server thread/INFO]: DatVanTay007 was blown up by Creeper
[01:56:32] [Render thread/INFO]: [System] [CHAT] DatVanTay007 was blown up by Creeper
[01:56:36] [Server thread/INFO]: [DatVanTay007: Teleported DatVanTay007 to 59.500000, 62.500000, -3535.500000]
[01:56:36] [Render thread/INFO]: [System] [CHAT] [DatVanTay007: Teleported DatVanTay007 to 59.500000, 62.500000, -3535.500000]
[01:56:57] [Server thread/INFO]: Locating element #minecraft:allows_surface_slime_spawns (minecraft:swamp) took 0 ms
[01:57:01] [Server thread/INFO]: [kayd12: Teleported kayd12 to DatVanTay007]
[01:57:01] [Render thread/INFO]: [System] [CHAT] [kayd12: Teleported kayd12 to DatVanTay007]
[01:57:44] [Server thread/INFO]: [FratelloNguyen: Teleported FratelloNguyen to DatVanTay007]
[01:57:45] [Render thread/INFO]: [System] [CHAT] [FratelloNguyen: Teleported FratelloNguyen to DatVanTay007]
[01:57:59] [Server thread/INFO]: [DatVanTay007: Teleported DatVanTay007 to 59.500000, 65.500000, -1294.500000]
[01:57:59] [Render thread/INFO]: [System] [CHAT] [DatVanTay007: Teleported DatVanTay007 to 59.500000, 65.500000, -1294.500000]
[01:58:01] [Server thread/INFO]: [kayd12: Set the time to 1100]
[01:58:02] [Render thread/INFO]: [System] [CHAT] [kayd12: Set the time to 1100]
[01:58:06] [Server thread/INFO]: [kayd12: Teleported kayd12 to 114.500000, 77.500000, -1319.500000]
[01:58:06] [Render thread/INFO]: [System] [CHAT] [kayd12: Teleported kayd12 to 114.500000, 77.500000, -1319.500000]
[01:58:19] [Server thread/INFO]: FratelloNguyen was killed
[01:58:19] [Server thread/INFO]: [kayd12: Killed FratelloNguyen]
[01:58:19] [Render thread/INFO]: [System] [CHAT] FratelloNguyen was killed
[01:58:19] [Render thread/INFO]: [System] [CHAT] [kayd12: Killed FratelloNguyen]
[01:58:23] [Server thread/INFO]: kayd12 was killed
[01:58:23] [Server thread/INFO]: [kayd12: Killed kayd12]
[01:58:23] [Render thread/INFO]: [System] [CHAT] kayd12 was killed
[01:58:23] [Render thread/INFO]: [System] [CHAT] [kayd12: Killed kayd12]
[01:58:35] [Server thread/INFO]: [kayd12: Teleported kayd12 to 114.500000, 77.500000, -1319.500000]
[01:58:35] [Render thread/INFO]: [System] [CHAT] [kayd12: Teleported kayd12 to 114.500000, 77.500000, -1319.500000]
[01:59:09] [Server thread/INFO]: [FratelloNguyen: Teleported FratelloNguyen to asdhbasbd]
[01:59:09] [Render thread/INFO]: [System] [CHAT] [FratelloNguyen: Teleported FratelloNguyen to asdhbasbd]
[01:59:18] [Server thread/INFO]: [kayd12: Teleported FratelloNguyen to DatVanTay007]
[01:59:18] [Render thread/INFO]: [System] [CHAT] [kayd12: Teleported FratelloNguyen to DatVanTay007]
[02:03:05] [Server thread/WARN]: FratelloNguyen moved too quickly! -0.0014081306476327882,-7.233632006042484,-7.127020364640657
[02:04:35] [Server thread/INFO]: [kayd12: Teleported FratelloNguyen to asdhbasbd]
[02:04:36] [Render thread/INFO]: [System] [CHAT] [kayd12: Teleported FratelloNguyen to asdhbasbd]
[02:05:23] [Server thread/INFO]: [kayd12: Teleported kayd12 to 146.500000, 39.500000, -1330.500000]
[02:05:23] [Render thread/INFO]: [System] [CHAT] [kayd12: Teleported kayd12 to 146.500000, 39.500000, -1330.500000]
[02:06:11] [Server thread/INFO]: [kayd12: Teleported kayd12 to 114.500000, 77.500000, -1319.500000]
[02:06:11] [Render thread/INFO]: [System] [CHAT] [kayd12: Teleported kayd12 to 114.500000, 77.500000, -1319.500000]
[02:06:19] [Server thread/INFO]: [kayd12: Teleported kayd12 to FratelloNguyen]
[02:06:19] [Render thread/INFO]: [System] [CHAT] [kayd12: Teleported kayd12 to FratelloNguyen]
[02:06:42] [Server thread/INFO]: [FratelloNguyen: Teleported FratelloNguyen to asdhbasbd]
[02:06:42] [Render thread/INFO]: [System] [CHAT] [FratelloNguyen: Teleported FratelloNguyen to asdhbasbd]
[02:07:12] [Server thread/INFO]: [DatVanTay007: Teleported DatVanTay007 to -187.500000, 71.500000, -105.500000]
[02:07:12] [Render thread/INFO]: [System] [CHAT] [DatVanTay007: Teleported DatVanTay007 to -187.500000, 71.500000, -105.500000]
[02:07:34] [Server thread/INFO]: [kayd12: Set the time to 1000]
[02:07:34] [Render thread/INFO]: [System] [CHAT] [kayd12: Set the time to 1000]
[02:07:35] [Server thread/INFO]: [kayd12: Teleported kayd12 to DatVanTay007]
[02:07:35] [Render thread/INFO]: [System] [CHAT] [kayd12: Teleported kayd12 to DatVanTay007]
[02:07:52] [Server thread/INFO]: [DatVanTay007: Teleported DatVanTay007 to Adm1n2610]
[02:07:52] [Render thread/INFO]: [System] [CHAT] [DatVanTay007: Teleported DatVanTay007 to Adm1n2610]
[02:08:01] [Server thread/INFO]: [kayd12: Teleported kayd12 to asdhbasbd]
[02:08:01] [Render thread/INFO]: [System] [CHAT] [kayd12: Teleported kayd12 to asdhbasbd]
[02:08:05] [Server thread/INFO]: [kayd12: Teleported kayd12 to Adm1n2610]
[02:08:06] [Render thread/INFO]: [System] [CHAT] [kayd12: Teleported kayd12 to Adm1n2610]
[02:10:31] [Server thread/INFO]: [DatVanTay007: Teleported DatVanTay007 to 59.500000, 65.500000, -1294.500000]
[02:10:31] [Render thread/INFO]: [System] [CHAT] [DatVanTay007: Teleported DatVanTay007 to 59.500000, 65.500000, -1294.500000]
[02:10:38] [Server thread/INFO]: [asdhbasbd: Teleported DatVanTay007 to FratelloNguyen]
[02:10:38] [Render thread/INFO]: [System] [CHAT] [asdhbasbd: Teleported DatVanTay007 to FratelloNguyen]
[02:10:52] [Server thread/INFO]: [DatVanTay007: Teleported DatVanTay007 to 59.500000, 65.500000, -1294.500000]
[02:10:52] [Render thread/INFO]: [System] [CHAT] [DatVanTay007: Teleported DatVanTay007 to 59.500000, 65.500000, -1294.500000]
[02:10:54] [Server thread/INFO]: [kayd12: Teleported kayd12 to DatVanTay007]
[02:10:54] [Render thread/INFO]: [System] [CHAT] [kayd12: Teleported kayd12 to DatVanTay007]
[02:11:06] [Server thread/INFO]: [kayd12: Teleported kayd12 to FratelloNguyen]
[02:11:06] [Render thread/INFO]: [System] [CHAT] [kayd12: Teleported kayd12 to FratelloNguyen]
[02:11:12] [Server thread/INFO]: FratelloNguyen was doomed to fall by kayd12
[02:11:12] [Render thread/INFO]: [System] [CHAT] FratelloNguyen was doomed to fall by kayd12
[02:11:20] [Server thread/INFO]: [kayd12: Teleported FratelloNguyen to kayd12]
[02:11:20] [Render thread/INFO]: [System] [CHAT] [kayd12: Teleported FratelloNguyen to kayd12]
[02:11:29] [Server thread/INFO]: kayd12 fell from a high place
[02:11:29] [Render thread/INFO]: [System] [CHAT] kayd12 fell from a high place
[02:11:48] [Server thread/INFO]: [kayd12: Teleported kayd12 to DatVanTay007]
[02:11:48] [Render thread/INFO]: [System] [CHAT] [kayd12: Teleported kayd12 to DatVanTay007]
[02:12:04] [Server thread/INFO]: [DatVanTay007: Teleported DatVanTay007 to asdhbasbd]
[02:12:04] [Render thread/INFO]: [System] [CHAT] [DatVanTay007: Teleported DatVanTay007 to asdhbasbd]
[02:12:23] [Server thread/INFO]: [DatVanTay007: Teleported DatVanTay007 to 59.500000, 65.500000, -1294.500000]
[02:12:23] [Render thread/INFO]: [System] [CHAT] [DatVanTay007: Teleported DatVanTay007 to 59.500000, 65.500000, -1294.500000]
[02:13:01] [Server thread/INFO]: [kayd12: Teleported asdhbasbd to FratelloNguyen]
[02:13:01] [Render thread/INFO]: [System] [CHAT] [kayd12: Teleported asdhbasbd to FratelloNguyen]
[02:13:04] [Server thread/INFO]: [kayd12: Teleported kayd12 to Adm1n2610]
[02:13:04] [Render thread/INFO]: [System] [CHAT] [kayd12: Teleported kayd12 to Adm1n2610]
[02:13:05] [Server thread/INFO]: asdhbasbd fell from a high place
[02:13:05] [Render thread/INFO]: [System] [CHAT] asdhbasbd fell from a high place
[02:13:06] [pool-11-thread-1/INFO]: do head request -> https://auth.tlauncher.org/skin/v1/profile/texture/login/asdhbasbd RequestMetadata(lastModified=null, eTag=W/b809aba98b160a2ff46f47e6b036e1f7, sha1=e46e3b8a3e77ab6a75b459a32dc91b10d112db62, lastAccessAt=1771946168877) local file C:\Users\Sun of the Beach\AppData\Roaming\.minecraft\versions\Server\cache\https_auth.tlauncher.org\skin\v1\profile\texture\login\asdhbasbd
[02:13:06] [pool-11-thread-1/INFO]: do head request -> https://auth.tlauncher.org/skin/fileservice/skins/skin_asdhbasbd.png RequestMetadata(lastModified=null, eTag=36b749e8bd04240318edb84cc70e8178, sha1=11688b07b07bca6cf27975811a0f3cdbfd75cd14, lastAccessAt=1771946169224) local file C:\Users\Sun of the Beach\AppData\Roaming\.minecraft\versions\Server\cache\https_auth.tlauncher.org\skin\fileservice\skins\skin_asdhbasbd.png
[02:13:36] [Server thread/INFO]: [asdhbasbd: Teleported asdhbasbd to FratelloNguyen]
[02:13:36] [Render thread/INFO]: [System] [CHAT] [asdhbasbd: Teleported asdhbasbd to FratelloNguyen]
[02:14:06] [Server thread/INFO]: [kayd12: Teleported kayd12 to asdhbasbd]
[02:14:06] [Render thread/INFO]: [System] [CHAT] [kayd12: Teleported kayd12 to asdhbasbd]
[02:14:15] [Server thread/INFO]: [kayd12: Teleported kayd12 to asdhbasbd]
[02:14:15] [Render thread/INFO]: [System] [CHAT] [kayd12: Teleported kayd12 to asdhbasbd]
[02:14:22] [Server thread/INFO]: asdhbasbd was doomed to fall by kayd12
[02:14:22] [Render thread/INFO]: [System] [CHAT] asdhbasbd was doomed to fall by kayd12
[02:14:36] [Server thread/INFO]: kayd12 fell from a high place
[02:14:36] [Render thread/INFO]: [System] [CHAT] kayd12 fell from a high place
[02:14:50] [Server thread/INFO]: [kayd12: Teleported kayd12 to FratelloNguyen]
[02:14:50] [Render thread/INFO]: [System] [CHAT] [kayd12: Teleported kayd12 to FratelloNguyen]
[02:15:09] [Server thread/INFO]: [DatVanTay007: Gave 5 [Glass] to DatVanTay007]
[02:15:09] [Render thread/INFO]: [System] [CHAT] [DatVanTay007: Gave 5 [Glass] to DatVanTay007]
[02:15:39] [Server thread/INFO]: [kayd12: Set the time to 1000]
[02:15:39] [Render thread/INFO]: [System] [CHAT] [kayd12: Set the time to 1000]
[02:15:42] [Server thread/INFO]: [kayd12: Teleported kayd12 to DatVanTay007]
[02:15:42] [Render thread/INFO]: [System] [CHAT] [kayd12: Teleported kayd12 to DatVanTay007]
[02:16:35] [Server thread/INFO]: [Not Secure] <kayd12> "/"
[02:16:35] [Render thread/INFO]: [Not Secure] [CHAT] <kayd12> "/"
[02:16:47] [Server thread/INFO]: [Not Secure] <kayd12> weather clear
[02:16:47] [Render thread/INFO]: [Not Secure] [CHAT] <kayd12> weather clear
[02:16:59] [Server thread/INFO]: [FratelloNguyen: Set the weather to clear]
[02:16:59] [Render thread/INFO]: [System] [CHAT] [FratelloNguyen: Set the weather to clear]
[02:17:08] [Server thread/INFO]: [Not Secure] <kayd12> time set day
[02:17:08] [Render thread/INFO]: [Not Secure] [CHAT] <kayd12> time set day
[02:17:56] [Server thread/INFO]: [asdhbasbd: Teleported asdhbasbd to FratelloNguyen]
[02:17:56] [Render thread/INFO]: [System] [CHAT] [asdhbasbd: Teleported asdhbasbd to FratelloNguyen]
[02:18:38] [Server thread/INFO]: asdhbasbd fell from a high place
[02:18:38] [Render thread/INFO]: [System] [CHAT] asdhbasbd fell from a high place
[02:20:19] [Server thread/INFO]: [FratelloNguyen: Teleported FratelloNguyen to asdhbasbd]
[02:20:19] [Render thread/INFO]: [System] [CHAT] [FratelloNguyen: Teleported FratelloNguyen to asdhbasbd]
[02:21:06] [Server thread/INFO]: DatVanTay007 fell from a high place
[02:21:06] [Render thread/INFO]: [System] [CHAT] DatVanTay007 fell from a high place
[02:21:08] [pool-11-thread-1/INFO]: do head request -> https://auth.tlauncher.org/skin/v1/profile/texture/login/DatVanTay007 RequestMetadata(lastModified=null, eTag=W/fbcfcd6a5c3904e9961d2503a2dba030, sha1=83716c925f4a72559750234ac613f4c62b834dde, lastAccessAt=1771958117152) local file C:\Users\Sun of the Beach\AppData\Roaming\.minecraft\versions\Server\cache\https_auth.tlauncher.org\skin\v1\profile\texture\login\DatVanTay007
[02:21:08] [pool-11-thread-1/INFO]: do head request -> https://auth.tlauncher.org/skin/fileservice/skins/skin_datvantay007.png RequestMetadata(lastModified=null, eTag=2b57ccad24c434e1ab30a52ad24ae5ef, sha1=c9145c2a668de2a1534558819771024433767d9e, lastAccessAt=1771958117375) local file C:\Users\Sun of the Beach\AppData\Roaming\.minecraft\versions\Server\cache\https_auth.tlauncher.org\skin\fileservice\skins\skin_datvantay007.png
[02:21:12] [Server thread/INFO]: [DatVanTay007: Teleported DatVanTay007 to 103.500000, 69.500000, -1286.500000]
[02:21:12] [Render thread/INFO]: [System] [CHAT] [DatVanTay007: Teleported DatVanTay007 to 103.500000, 69.500000, -1286.500000]
[02:21:24] [pool-11-thread-1/INFO]: do head request -> https://auth.tlauncher.org/skin/v1/profile/texture/login/asdhbasbd RequestMetadata(lastModified=null, eTag=W/b809aba98b160a2ff46f47e6b036e1f7, sha1=e46e3b8a3e77ab6a75b459a32dc91b10d112db62, lastAccessAt=1771960386600) local file C:\Users\Sun of the Beach\AppData\Roaming\.minecraft\versions\Server\cache\https_auth.tlauncher.org\skin\v1\profile\texture\login\asdhbasbd
[02:21:25] [pool-11-thread-1/INFO]: do head request -> https://auth.tlauncher.org/skin/fileservice/skins/skin_asdhbasbd.png RequestMetadata(lastModified=null, eTag=36b749e8bd04240318edb84cc70e8178, sha1=11688b07b07bca6cf27975811a0f3cdbfd75cd14, lastAccessAt=1771960386864) local file C:\Users\Sun of the Beach\AppData\Roaming\.minecraft\versions\Server\cache\https_auth.tlauncher.org\skin\fileservice\skins\skin_asdhbasbd.png
[02:22:11] [Server thread/INFO]: FratelloNguyen has made the advancement [Stone Age]
[02:22:11] [Render thread/INFO]: [System] [CHAT] FratelloNguyen has made the advancement [Stone Age]
[02:24:47] [Server thread/INFO]: [kayd12: Gave 64 [Glass] to DatVanTay007]
[02:24:47] [Render thread/INFO]: [System] [CHAT] [kayd12: Gave 64 [Glass] to DatVanTay007]
[02:25:01] [Server thread/INFO]: [FratelloNguyen: Set the time to 1000]
[02:25:01] [Render thread/INFO]: [System] [CHAT] [FratelloNguyen: Set the time to 1000]
[02:25:22] [Server thread/INFO]: [FratelloNguyen: Set the time to 6000]
[02:25:22] [Render thread/INFO]: [System] [CHAT] [FratelloNguyen: Set the time to 6000]
[02:26:11] [Server thread/INFO]: [kayd12: Teleported kayd12 to 191.500000, 76.500000, -2036.500000]
[02:26:11] [Render thread/INFO]: [System] [CHAT] [kayd12: Teleported kayd12 to 191.500000, 76.500000, -2036.500000]
[02:26:11] [pool-11-thread-1/INFO]: do head request -> https://auth.tlauncher.org/skin/v1/profile/texture/login/kayd12 RequestMetadata(lastModified=null, eTag=W/fa2bce81c084cbfa3c284a986b375c9d, sha1=6cbe412b8f0e3c76c9b51e2c35c46fc58c0a9317, lastAccessAt=1771958114220) local file C:\Users\Sun of the Beach\AppData\Roaming\.minecraft\versions\Server\cache\https_auth.tlauncher.org\skin\v1\profile\texture\login\kayd12
[02:26:12] [pool-11-thread-1/INFO]: do head request -> https://auth.tlauncher.org/skin/fileservice/skins/skin_kayd12.png RequestMetadata(lastModified=null, eTag=35ec5927e56427962dc43ee71fc0e2d8, sha1=ca4c6ee541b69011093c0ac25436c6553233cd1c, lastAccessAt=1771958114424) local file C:\Users\Sun of the Beach\AppData\Roaming\.minecraft\versions\Server\cache\https_auth.tlauncher.org\skin\fileservice\skins\skin_kayd12.png
[02:26:22] [Server thread/INFO]: [kayd12: Teleported kayd12 to DatVanTay007]
[02:26:23] [Render thread/INFO]: [System] [CHAT] [kayd12: Teleported kayd12 to DatVanTay007]
[02:26:44] [Server thread/INFO]: [kayd12: Teleported kayd12 to 114.500000, 77.500000, -1319.500000]
[02:26:44] [Render thread/INFO]: [System] [CHAT] [kayd12: Teleported kayd12 to 114.500000, 77.500000, -1319.500000]
[02:27:39] [Server thread/INFO]: [FratelloNguyen: Teleported FratelloNguyen to Adm1n2610]
[02:27:39] [Render thread/INFO]: [System] [CHAT] [FratelloNguyen: Teleported FratelloNguyen to Adm1n2610]
[02:27:39] [pool-11-thread-1/INFO]: do head request -> https://auth.tlauncher.org/skin/v1/profile/texture/login/FratelloNguyen RequestMetadata(lastModified=null, eTag=W/0b2974ff79a4651e5697ee69257d61d5, sha1=c992e76bca5b3893ee28c1d4b70affac55d68289, lastAccessAt=1771957941440) local file C:\Users\Sun of the Beach\AppData\Roaming\.minecraft\versions\Server\cache\https_auth.tlauncher.org\skin\v1\profile\texture\login\FratelloNguyen
[02:27:39] [pool-11-thread-1/INFO]: do head request -> https://auth.tlauncher.org/skin/fileservice/skins/skin_fratellonguyen.png RequestMetadata(lastModified=null, eTag=071de0cdb53aac890008f057f202b7f9, sha1=0423e1205366d07d9e19a5764a853cbc07025962, lastAccessAt=1771957941688) local file C:\Users\Sun of the Beach\AppData\Roaming\.minecraft\versions\Server\cache\https_auth.tlauncher.org\skin\fileservice\skins\skin_fratellonguyen.png
[02:28:38] [Server thread/INFO]: [Not Secure] <asdhbasbd> cacttus
[02:28:39] [Render thread/INFO]: [Not Secure] [CHAT] <asdhbasbd> cacttus
[02:28:45] [Server thread/INFO]: [DatVanTay007: Gave 3 [Cactus] to DatVanTay007]
[02:28:45] [Render thread/INFO]: [System] [CHAT] [DatVanTay007: Gave 3 [Cactus] to DatVanTay007]
[02:29:03] [Server thread/INFO]: [FratelloNguyen: Teleported FratelloNguyen to asdhbasbd]
[02:29:03] [Render thread/INFO]: [System] [CHAT] [FratelloNguyen: Teleported FratelloNguyen to asdhbasbd]
[02:29:16] [Server thread/INFO]: [kayd12: Set the time to 1005]
[02:29:16] [Render thread/INFO]: [System] [CHAT] [kayd12: Set the time to 1005]
[02:29:54] [Server thread/INFO]: FratelloNguyen lost connection: Disconnected
[02:29:54] [Server thread/INFO]: FratelloNguyen left the game
[02:29:54] [Render thread/INFO]: [System] [CHAT] FratelloNguyen left the game
[02:30:58] [Server thread/INFO]: [DatVanTay007: Gave 64 [Glass] to DatVanTay007]
[02:30:58] [Render thread/INFO]: [System] [CHAT] [DatVanTay007: Gave 64 [Glass] to DatVanTay007]
[02:32:52] [Server thread/INFO]: [kayd12: Gave 64 [Glass] to kayd12]
[02:32:52] [Render thread/INFO]: [System] [CHAT] [kayd12: Gave 64 [Glass] to kayd12]
[02:34:01] [Server thread/INFO]: kayd12 tried to swim in lava
[02:34:01] [Render thread/INFO]: [System] [CHAT] kayd12 tried to swim in lava
[02:34:04] [Server thread/INFO]: [kayd12: Teleported kayd12 to DatVanTay007]
[02:34:04] [Render thread/INFO]: [System] [CHAT] [kayd12: Teleported kayd12 to DatVanTay007]
[02:36:19] [Server thread/INFO]: [DatVanTay007: Set own game mode to Creative Mode]
[02:36:19] [Render thread/INFO]: [System] [CHAT] [DatVanTay007: Set own game mode to Creative Mode]
[02:38:40] [Server thread/INFO]: [DatVanTay007: Set own game mode to Survival Mode]
[02:38:40] [Render thread/INFO]: [System] [CHAT] [DatVanTay007: Set own game mode to Survival Mode]
[02:38:45] [Server thread/INFO]: [DatVanTay007: Set the time to 1000]
[02:38:45] [Render thread/INFO]: [System] [CHAT] [DatVanTay007: Set the time to 1000]
[02:42:30] [Server thread/INFO]: kayd12 lost connection: Disconnected
[02:42:30] [Server thread/INFO]: kayd12 left the game
[02:42:30] [Render thread/INFO]: [System] [CHAT] kayd12 left the game
[02:42:41] [Server thread/INFO]: [DatVanTay007: Set own game mode to Creative Mode]
[02:42:41] [Render thread/INFO]: [System] [CHAT] [DatVanTay007: Set own game mode to Creative Mode]
[02:44:55] [Server thread/INFO]: [asdhbasbd: Gave 128 [Oak Wood] to asdhbasbd]
[02:44:56] [Render thread/INFO]: [System] [CHAT] [asdhbasbd: Gave 128 [Oak Wood] to asdhbasbd]
[02:48:44] [Server thread/INFO]: [asdhbasbd: Set the time to 1000]
[02:48:44] [Render thread/INFO]: [System] [CHAT] [asdhbasbd: Set the time to 1000]
[02:51:07] [Server thread/INFO]: [asdhbasbd: Gave 64 [Spruce Trapdoor] to asdhbasbd]
[02:51:07] [Render thread/INFO]: [System] [CHAT] [asdhbasbd: Gave 64 [Spruce Trapdoor] to asdhbasbd]
[02:52:34] [Server thread/INFO]: [DatVanTay007: Set own game mode to Survival Mode]
[02:52:34] [Render thread/INFO]: [System] [CHAT] [DatVanTay007: Set own game mode to Survival Mode]
[02:52:41] [Server thread/INFO]: [asdhbasbd: Set own game mode to Creative Mode]
[02:52:41] [Render thread/INFO]: [System] [CHAT] [asdhbasbd: Set own game mode to Creative Mode]
[02:59:33] [Server thread/INFO]: DatVanTay007 lost connection: Disconnected
[02:59:33] [Server thread/INFO]: DatVanTay007 left the game
[02:59:33] [Render thread/INFO]: [System] [CHAT] DatVanTay007 left the game
[03:00:00] [Server thread/INFO]: [asdhbasbd: Set own game mode to Survival Mode]
[03:00:00] [Render thread/INFO]: [System] [CHAT] [asdhbasbd: Set own game mode to Survival Mode]
[03:00:04] [Server thread/INFO]: asdhbasbd lost connection: Disconnected
[03:00:04] [Server thread/INFO]: asdhbasbd left the game
[03:00:04] [Render thread/INFO]: [System] [CHAT] asdhbasbd left the game
[03:00:40] [Render thread/INFO]: Disconnected from server, resetting proxy config values
[03:00:40] [Server thread/INFO]: Adm1n2610 lost connection: Disconnected
[03:00:40] [Server thread/INFO]: Adm1n2610 left the game
[03:00:40] [Server thread/INFO]: Stopping singleplayer server as player logged out
[03:00:41] [Server thread/INFO]: Stopping server
[03:00:41] [Server thread/INFO]: Saving players
[03:00:41] [Server thread/INFO]: Saving worlds
[03:00:41] [Server thread/INFO]: Saving chunks for level 'ServerLevel[New World]'/minecraft:overworld
[03:00:45] [Server thread/INFO]: Saving chunks for level 'ServerLevel[New World]'/minecraft:the_nether
[03:00:45] [Server thread/INFO]: Saving chunks for level 'ServerLevel[New World]'/minecraft:the_end
[03:00:45] [Server thread/INFO]: ThreadedAnvilChunkStorage (New World): All chunks are saved
[03:00:45] [Server thread/INFO]: ThreadedAnvilChunkStorage (DIM-1): All chunks are saved
[03:00:45] [Server thread/INFO]: ThreadedAnvilChunkStorage (DIM1): All chunks are saved
[03:00:45] [Server thread/INFO]: ThreadedAnvilChunkStorage: All dimensions are saved
[03:00:50] [Render thread/INFO]: Stopping!
[03:00:50] [Render thread/INFO]: Disconnected from server, resetting proxy config values
